2019-06-06 14:57:53,188  INFO  GenericMemRepositoryImpl:CustomerRepositoryImpl started.
2019-06-06 14:57:53,191  INFO  GenericMemRepositoryImpl:ArticleRepositoryImpl started.
2019-06-06 14:58:01,326  INFO  GenericMemRepositoryImpl:ArticleRepositoryImpl stopped.
2019-06-06 14:58:01,327  INFO  GenericMemRepositoryImpl:CustomerRepositoryImpl stopped.
2019-06-06 14:58:22,348  INFO  GenericMemRepositoryImpl:CustomerRepositoryImpl started.
2019-06-06 14:58:22,352  INFO  GenericMemRepositoryImpl:ArticleRepositoryImpl started.
2019-06-06 14:58:29,531  INFO  GenericMemRepositoryImpl:==> deleted(C.6NTGIG)
2019-06-06 14:58:31,661  INFO  GenericMemRepositoryImpl:==> deleted(C.U7U5TM)
2019-06-06 15:00:35,011  INFO  GenericMemRepositoryImpl:ArticleRepositoryImpl stopped.
2019-06-06 15:00:37,248  INFO  GenericMemRepositoryImpl:CustomerRepositoryImpl stopped.
2019-06-06 15:08:18,839  INFO  GenericMemRepositoryImpl:CustomerRepositoryImpl started.
2019-06-06 15:08:18,844  INFO  GenericMemRepositoryImpl:ArticleRepositoryImpl started.
2019-06-06 15:15:52,151  INFO  GenericMemRepositoryImpl:ArticleRepositoryImpl stopped.
2019-06-06 15:15:52,151  INFO  GenericMemRepositoryImpl:CustomerRepositoryImpl stopped.
2019-06-06 15:18:27,422  INFO  GenericMemRepositoryImpl:CustomerRepositoryImpl started.
2019-06-06 15:18:27,426  INFO  GenericMemRepositoryImpl:ArticleRepositoryImpl started.
2019-06-06 15:41:25,003  INFO  GenericMemRepositoryImpl:CustomerRepositoryImpl started.
2019-06-06 15:41:25,006  INFO  GenericMemRepositoryImpl:ArticleRepositoryImpl started.
2019-06-06 15:42:34,628  INFO  GenericMemRepositoryImpl:CustomerRepositoryImpl started.
2019-06-06 15:42:34,631  INFO  GenericMemRepositoryImpl:ArticleRepositoryImpl started.
2019-06-06 15:43:46,742  INFO  GenericMemRepositoryImpl:CustomerRepositoryImpl started.
2019-06-06 15:43:46,745  INFO  GenericMemRepositoryImpl:ArticleRepositoryImpl started.
2019-06-06 15:45:20,280  INFO  GenericMemRepositoryImpl:ArticleRepositoryImpl stopped.
2019-06-06 15:45:20,280  INFO  GenericMemRepositoryImpl:CustomerRepositoryImpl stopped.
2019-06-06 15:45:25,134  INFO  GenericMemRepositoryImpl:CustomerRepositoryImpl started.
2019-06-06 15:45:25,137  INFO  GenericMemRepositoryImpl:ArticleRepositoryImpl started.
2019-06-06 15:50:40,954  INFO  GenericMemRepositoryImpl:CustomerRepositoryImpl started.
2019-06-06 15:50:40,956  INFO  GenericMemRepositoryImpl:ArticleRepositoryImpl started.
2019-06-06 16:06:17,068  INFO  GenericMemRepositoryImpl:CustomerRepositoryImpl started.
2019-06-06 16:06:17,070  INFO  GenericMemRepositoryImpl:ArticleRepositoryImpl started.
2019-06-06 16:09:21,270  INFO  GenericMemRepositoryImpl:CustomerRepositoryImpl started.
2019-06-06 16:09:21,272  INFO  GenericMemRepositoryImpl:ArticleRepositoryImpl started.
2019-06-06 16:13:28,567  INFO  GenericMemRepositoryImpl:CustomerRepositoryImpl started.
2019-06-06 16:13:28,569  INFO  GenericMemRepositoryImpl:ArticleRepositoryImpl started.
2019-06-06 16:20:54,611  INFO  GenericMemRepositoryImpl:ArticleRepositoryImpl stopped.
2019-06-06 16:20:54,611  INFO  GenericMemRepositoryImpl:CustomerRepositoryImpl stopped.
2019-06-06 16:20:57,638  INFO  GenericMemRepositoryImpl:ArticleRepositoryImpl stopped.
2019-06-06 16:20:57,638  INFO  GenericMemRepositoryImpl:CustomerRepositoryImpl stopped.
2019-06-06 16:21:52,731  INFO  GenericMemRepositoryImpl:CustomerRepositoryImpl started.
2019-06-06 16:21:52,734  INFO  GenericMemRepositoryImpl:ArticleRepositoryImpl started.
2019-06-06 16:23:56,539  INFO  GenericMemRepositoryImpl:ArticleRepositoryImpl stopped.
2019-06-06 16:23:56,540  INFO  GenericMemRepositoryImpl:CustomerRepositoryImpl stopped.
2019-06-06 16:24:01,008  INFO  GenericMemRepositoryImpl:CustomerRepositoryImpl started.
2019-06-06 16:24:01,011  INFO  GenericMemRepositoryImpl:ArticleRepositoryImpl started.
2019-06-06 16:24:21,674  INFO  GenericMemRepositoryImpl:ArticleRepositoryImpl stopped.
2019-06-06 16:24:21,675  INFO  GenericMemRepositoryImpl:CustomerRepositoryImpl stopped.
2019-06-06 16:24:25,070  INFO  GenericMemRepositoryImpl:CustomerRepositoryImpl started.
2019-06-06 16:24:25,073  INFO  GenericMemRepositoryImpl:ArticleRepositoryImpl started.
2019-06-06 16:29:20,004  INFO  GenericMemRepositoryImpl:CustomerRepositoryImpl started.
2019-06-06 16:29:20,006  INFO  GenericMemRepositoryImpl:ArticleRepositoryImpl started.
2019-06-06 16:29:23,099  INFO  GenericMemRepositoryImpl:ArticleRepositoryImpl stopped.
2019-06-06 16:29:23,099  INFO  GenericMemRepositoryImpl:CustomerRepositoryImpl stopped.
2019-06-06 16:29:34,580  INFO  GenericMemRepositoryImpl:ArticleRepositoryImpl stopped.
2019-06-06 16:29:34,580  INFO  GenericMemRepositoryImpl:CustomerRepositoryImpl stopped.
2019-06-06 16:29:40,580  INFO  GenericMemRepositoryImpl:CustomerRepositoryImpl started.
2019-06-06 16:29:40,582  INFO  GenericMemRepositoryImpl:ArticleRepositoryImpl started.
2019-06-06 16:32:30,984  INFO  GenericMemRepositoryImpl:ArticleRepositoryImpl stopped.
2019-06-06 16:32:30,984  INFO  GenericMemRepositoryImpl:CustomerRepositoryImpl stopped.
2019-06-06 16:32:34,711  INFO  GenericMemRepositoryImpl:CustomerRepositoryImpl started.
2019-06-06 16:32:34,714  INFO  GenericMemRepositoryImpl:ArticleRepositoryImpl started.
2019-06-06 16:38:37,516  INFO  GenericMemRepositoryImpl:ArticleRepositoryImpl stopped.
2019-06-06 16:38:37,516  INFO  GenericMemRepositoryImpl:CustomerRepositoryImpl stopped.
2019-06-13 13:22:25,124  INFO  GenericMemRepositoryImpl:CustomerRepositoryImpl started.
2019-06-13 13:22:25,159  INFO  GenericMemRepositoryImpl:ArticleRepositoryImpl started.
2019-06-13 13:24:07,579  INFO  GenericMemRepositoryImpl:ArticleRepositoryImpl stopped.
2019-06-13 13:24:07,580  INFO  GenericMemRepositoryImpl:CustomerRepositoryImpl stopped.
2019-06-13 14:03:19,852  INFO  GenericMemRepositoryImpl:CustomerRepositoryImpl started.
2019-06-13 14:03:19,858  INFO  GenericMemRepositoryImpl:ArticleRepositoryImpl started.
2019-06-13 14:04:02,330  INFO  GenericMemRepositoryImpl:ArticleRepositoryImpl stopped.
2019-06-13 14:04:02,330  INFO  GenericMemRepositoryImpl:CustomerRepositoryImpl stopped.
2019-06-13 14:16:03,751  INFO  GenericMemRepositoryImpl:CustomerRepositoryImpl started.
2019-06-13 14:16:05,202  INFO  GenericMemRepositoryImpl:ArticleRepositoryImpl started.
2019-06-13 15:11:31,569  INFO  GenericMemRepositoryImpl:ArticleRepositoryImpl stopped.
2019-06-13 15:11:31,569  INFO  GenericMemRepositoryImpl:CustomerRepositoryImpl stopped.
2019-06-13 15:25:59,875  INFO  GenericMemRepositoryImpl:CustomerRepositoryImpl started.
2019-06-13 15:25:59,879  INFO  GenericMemRepositoryImpl:ArticleRepositoryImpl started.
2019-06-13 15:59:36,585  INFO  GenericMemRepositoryImpl:ArticleRepositoryImpl stopped.
2019-06-13 15:59:36,585  INFO  GenericMemRepositoryImpl:CustomerRepositoryImpl stopped.
2019-06-13 21:40:02,281  INFO  GenericMemRepositoryImpl:CustomerRepositoryImpl started.
2019-06-13 21:40:02,284  INFO  GenericMemRepositoryImpl:ArticleRepositoryImpl started.
2019-06-13 21:40:02,285  INFO  GenericMemRepositoryImpl:BorrowRepositoryImpl started.
2019-06-13 21:41:16,736  ERROR GenericMemRepositoryImpl:==> duplicate instance update().
2019-06-13 21:41:27,015  ERROR GenericMemRepositoryImpl:==> duplicate instance update().
2019-06-13 21:41:31,511  ERROR GenericMemRepositoryImpl:==> duplicate instance update().
2019-06-13 21:41:35,232  ERROR GenericMemRepositoryImpl:==> duplicate instance update().
2019-06-13 21:41:54,670  INFO  GenericMemRepositoryImpl:ArticleRepositoryImpl stopped.
2019-06-13 21:41:54,670  INFO  GenericMemRepositoryImpl:CustomerRepositoryImpl stopped.
2019-06-13 21:41:54,670  INFO  GenericMemRepositoryImpl:BorrowRepositoryImpl stopped.
2019-06-13 21:44:02,089  INFO  GenericMemRepositoryImpl:CustomerRepositoryImpl started.
2019-06-13 21:44:02,092  INFO  GenericMemRepositoryImpl:ArticleRepositoryImpl started.
2019-06-13 21:44:02,092  INFO  GenericMemRepositoryImpl:BorrowRepositoryImpl started.
2019-06-13 21:44:29,128  INFO  GenericMemRepositoryImpl:==> deleted()
2019-06-13 21:44:58,952  INFO  GenericMemRepositoryImpl:==> created(C.3PYJ9V)
2019-06-13 21:45:27,525  INFO  GenericMemRepositoryImpl:ArticleRepositoryImpl stopped.
2019-06-13 21:45:27,525  INFO  GenericMemRepositoryImpl:CustomerRepositoryImpl stopped.
2019-06-13 21:45:27,526  INFO  GenericMemRepositoryImpl:BorrowRepositoryImpl stopped.
2019-06-13 21:56:26,038  INFO  GenericMemRepositoryImpl:CustomerRepositoryImpl started.
2019-06-13 21:56:26,041  INFO  GenericMemRepositoryImpl:ArticleRepositoryImpl started.
2019-06-13 21:56:26,042  INFO  GenericMemRepositoryImpl:BorrowRepositoryImpl started.
2019-06-13 21:57:16,405  INFO  GenericMemRepositoryImpl:ArticleRepositoryImpl stopped.
2019-06-13 21:57:16,405  INFO  GenericMemRepositoryImpl:CustomerRepositoryImpl stopped.
2019-06-13 21:57:16,405  INFO  GenericMemRepositoryImpl:BorrowRepositoryImpl stopped.
2019-06-13 22:05:49,826  INFO  GenericMemRepositoryImpl:CustomerRepositoryImpl started.
2019-06-13 22:05:49,829  INFO  GenericMemRepositoryImpl:ArticleRepositoryImpl started.
2019-06-13 22:05:49,829  INFO  GenericMemRepositoryImpl:BorrowRepositoryImpl started.
2019-06-13 22:06:23,885  INFO  GenericMemRepositoryImpl:ArticleRepositoryImpl stopped.
2019-06-13 22:06:23,885  INFO  GenericMemRepositoryImpl:CustomerRepositoryImpl stopped.
2019-06-13 22:06:23,885  INFO  GenericMemRepositoryImpl:BorrowRepositoryImpl stopped.
2019-06-13 22:10:17,631  INFO  GenericMemRepositoryImpl:CustomerRepositoryImpl started.
2019-06-13 22:10:17,634  INFO  GenericMemRepositoryImpl:ArticleRepositoryImpl started.
2019-06-13 22:10:17,635  INFO  GenericMemRepositoryImpl:BorrowRepositoryImpl started.
2019-06-13 22:10:49,718  INFO  GenericMemRepositoryImpl:ArticleRepositoryImpl stopped.
2019-06-13 22:10:49,719  INFO  GenericMemRepositoryImpl:CustomerRepositoryImpl stopped.
2019-06-13 22:10:49,719  INFO  GenericMemRepositoryImpl:BorrowRepositoryImpl stopped.
2019-06-13 22:12:21,346  INFO  GenericMemRepositoryImpl:CustomerRepositoryImpl started.
2019-06-13 22:12:21,349  INFO  GenericMemRepositoryImpl:ArticleRepositoryImpl started.
2019-06-13 22:12:21,349  INFO  GenericMemRepositoryImpl:BorrowRepositoryImpl started.
2019-06-13 22:12:35,199  INFO  GenericMemRepositoryImpl:==> updated(C.IIS3XC)
2019-06-13 22:12:38,655  INFO  GenericMemRepositoryImpl:==> deleted(C.IIS3XC)
2019-06-13 22:13:01,311  INFO  GenericMemRepositoryImpl:==> created(C.16SI2K)
2019-06-13 22:13:24,451  INFO  GenericMemRepositoryImpl:ArticleRepositoryImpl stopped.
2019-06-13 22:13:24,452  INFO  GenericMemRepositoryImpl:CustomerRepositoryImpl stopped.
2019-06-13 22:13:24,453  INFO  GenericMemRepositoryImpl:BorrowRepositoryImpl stopped.
2019-06-13 22:14:02,558  INFO  GenericMemRepositoryImpl:CustomerRepositoryImpl started.
2019-06-13 22:14:02,561  INFO  GenericMemRepositoryImpl:ArticleRepositoryImpl started.
2019-06-13 22:14:02,562  INFO  GenericMemRepositoryImpl:BorrowRepositoryImpl started.
2019-06-13 22:14:08,775  INFO  GenericMemRepositoryImpl:==> created(C.8MG3LW)
2019-06-13 22:14:15,043  INFO  GenericMemRepositoryImpl:ArticleRepositoryImpl stopped.
2019-06-13 22:14:15,044  INFO  GenericMemRepositoryImpl:CustomerRepositoryImpl stopped.
2019-06-13 22:14:15,044  INFO  GenericMemRepositoryImpl:BorrowRepositoryImpl stopped.
2019-06-13 22:35:15,064  INFO  GenericMemRepositoryImpl:CustomerRepositoryImpl started.
2019-06-13 22:35:15,067  INFO  GenericMemRepositoryImpl:ArticleRepositoryImpl started.
2019-06-13 22:35:15,067  INFO  GenericMemRepositoryImpl:BorrowRepositoryImpl started.
2019-06-13 22:37:56,830  INFO  GenericMemRepositoryImpl:==> created(C.8EM15G)
2019-06-13 22:38:12,183  INFO  GenericMemRepositoryImpl:==> deleted(C.8EM15G)
2019-06-13 22:38:20,615  INFO  GenericMemRepositoryImpl:ArticleRepositoryImpl stopped.
2019-06-13 22:38:20,615  INFO  GenericMemRepositoryImpl:CustomerRepositoryImpl stopped.
2019-06-13 22:38:20,615  INFO  GenericMemRepositoryImpl:BorrowRepositoryImpl stopped.
2019-06-13 22:45:15,992  INFO  GenericMemRepositoryImpl:CustomerRepositoryImpl started.
2019-06-13 22:45:15,995  INFO  GenericMemRepositoryImpl:ArticleRepositoryImpl started.
2019-06-13 22:45:15,996  INFO  GenericMemRepositoryImpl:BorrowRepositoryImpl started.
2019-06-13 23:03:15,851  INFO  GenericMemRepositoryImpl:CustomerRepositoryImpl started.
2019-06-13 23:03:15,854  INFO  GenericMemRepositoryImpl:ArticleRepositoryImpl started.
2019-06-13 23:03:15,855  INFO  GenericMemRepositoryImpl:BorrowRepositoryImpl started.
2019-06-13 23:13:36,778  INFO  GenericMemRepositoryImpl:CustomerRepositoryImpl started.
2019-06-13 23:13:36,782  INFO  GenericMemRepositoryImpl:ArticleRepositoryImpl started.
2019-06-13 23:13:36,783  INFO  GenericMemRepositoryImpl:BorrowRepositoryImpl started.
2019-06-13 23:15:20,410  INFO  GenericMemRepositoryImpl:ArticleRepositoryImpl stopped.
2019-06-13 23:15:20,410  INFO  GenericMemRepositoryImpl:CustomerRepositoryImpl stopped.
2019-06-13 23:15:20,411  INFO  GenericMemRepositoryImpl:BorrowRepositoryImpl stopped.
2019-06-13 23:15:22,069  INFO  GenericMemRepositoryImpl:ArticleRepositoryImpl stopped.
2019-06-13 23:15:22,069  INFO  GenericMemRepositoryImpl:CustomerRepositoryImpl stopped.
2019-06-13 23:15:22,069  INFO  GenericMemRepositoryImpl:BorrowRepositoryImpl stopped.
2019-06-13 23:15:24,467  INFO  GenericMemRepositoryImpl:CustomerRepositoryImpl started.
2019-06-13 23:15:24,470  INFO  GenericMemRepositoryImpl:ArticleRepositoryImpl started.
2019-06-13 23:15:24,471  INFO  GenericMemRepositoryImpl:BorrowRepositoryImpl started.
2019-06-13 23:16:18,818  INFO  GenericMemRepositoryImpl:CustomerRepositoryImpl started.
2019-06-13 23:16:18,821  INFO  GenericMemRepositoryImpl:ArticleRepositoryImpl started.
2019-06-13 23:16:18,822  INFO  GenericMemRepositoryImpl:BorrowRepositoryImpl started.
2019-06-13 23:16:20,517  INFO  GenericMemRepositoryImpl:ArticleRepositoryImpl stopped.
2019-06-13 23:16:20,518  INFO  GenericMemRepositoryImpl:CustomerRepositoryImpl stopped.
2019-06-13 23:16:20,518  INFO  GenericMemRepositoryImpl:BorrowRepositoryImpl stopped.
2019-06-13 23:17:29,822  INFO  GenericMemRepositoryImpl:==> created(C.HO2Y92)
2019-06-13 23:17:36,470  INFO  GenericMemRepositoryImpl:==> deleted(C.HO2Y92)
2019-06-13 23:17:53,004  INFO  GenericMemRepositoryImpl:ArticleRepositoryImpl stopped.
2019-06-13 23:17:53,005  INFO  GenericMemRepositoryImpl:CustomerRepositoryImpl stopped.
2019-06-13 23:17:53,006  INFO  GenericMemRepositoryImpl:BorrowRepositoryImpl stopped.
2019-06-13 23:22:01,774  INFO  GenericMemRepositoryImpl:CustomerRepositoryImpl started.
2019-06-13 23:22:01,777  INFO  GenericMemRepositoryImpl:ArticleRepositoryImpl started.
2019-06-13 23:22:01,778  INFO  GenericMemRepositoryImpl:BorrowRepositoryImpl started.
2019-06-13 23:22:49,510  INFO  GenericMemRepositoryImpl:CustomerRepositoryImpl started.
2019-06-13 23:22:49,513  INFO  GenericMemRepositoryImpl:ArticleRepositoryImpl started.
2019-06-13 23:22:49,514  INFO  GenericMemRepositoryImpl:BorrowRepositoryImpl started.
2019-06-13 23:23:13,413  INFO  GenericMemRepositoryImpl:==> created(C.VDSRQ4)
2019-06-13 23:23:20,781  INFO  GenericMemRepositoryImpl:==> deleted(C.VDSRQ4)
2019-06-13 23:24:13,309  INFO  GenericMemRepositoryImpl:==> updated(R1)
2019-06-13 23:39:27,939  INFO  GenericMemRepositoryImpl:CustomerRepositoryImpl started.
2019-06-13 23:39:27,942  INFO  GenericMemRepositoryImpl:ArticleRepositoryImpl started.
2019-06-13 23:39:27,943  INFO  GenericMemRepositoryImpl:BorrowRepositoryImpl started.
2019-06-13 23:40:02,112  INFO  GenericMemRepositoryImpl:ArticleRepositoryImpl stopped.
2019-06-13 23:40:02,113  INFO  GenericMemRepositoryImpl:CustomerRepositoryImpl stopped.
2019-06-13 23:40:02,113  INFO  GenericMemRepositoryImpl:BorrowRepositoryImpl stopped.
2019-06-13 23:49:49,229  INFO  GenericMemRepositoryImpl:CustomerRepositoryImpl started.
2019-06-13 23:49:49,232  INFO  GenericMemRepositoryImpl:ArticleRepositoryImpl started.
2019-06-13 23:49:49,233  INFO  GenericMemRepositoryImpl:BorrowRepositoryImpl started.
2019-06-13 23:50:23,085  INFO  GenericMemRepositoryImpl:==> created(C.TIJZEA)
2019-06-13 23:50:25,836  INFO  GenericMemRepositoryImpl:==> deleted(C.TIJZEA)
2019-06-13 23:50:28,185  INFO  GenericMemRepositoryImpl:ArticleRepositoryImpl stopped.
2019-06-13 23:50:28,185  INFO  GenericMemRepositoryImpl:CustomerRepositoryImpl stopped.
2019-06-13 23:50:28,186  INFO  GenericMemRepositoryImpl:BorrowRepositoryImpl stopped.
2019-06-14 16:27:47,136  INFO  GenericMemRepositoryImpl:CustomerRepositoryImpl started.
2019-06-14 16:27:47,171  INFO  GenericMemRepositoryImpl:ArticleRepositoryImpl started.
2019-06-14 16:27:47,172  INFO  GenericMemRepositoryImpl:BorrowRepositoryImpl started.
2019-06-14 16:28:03,009  INFO  GenericMemRepositoryImpl:==> updated(C.ZR7JRI)
2019-06-14 16:28:05,743  INFO  GenericMemRepositoryImpl:==> deleted(C.ZR7JRI)
2019-06-14 16:28:15,639  INFO  GenericMemRepositoryImpl:==> created(C.YMO6X9)
2019-06-14 16:28:54,481  INFO  GenericMemRepositoryImpl:ArticleRepositoryImpl stopped.
2019-06-14 16:28:54,481  INFO  GenericMemRepositoryImpl:CustomerRepositoryImpl stopped.
2019-06-14 16:28:54,481  INFO  GenericMemRepositoryImpl:BorrowRepositoryImpl stopped.
2019-06-14 16:33:39,490  INFO  GenericMemRepositoryImpl:CustomerRepositoryImpl started.
2019-06-14 16:33:39,495  INFO  GenericMemRepositoryImpl:ArticleRepositoryImpl started.
2019-06-14 16:33:39,496  INFO  GenericMemRepositoryImpl:BorrowRepositoryImpl started.
2019-06-14 16:40:46,867  INFO  GenericMemRepositoryImpl:ArticleRepositoryImpl stopped.
2019-06-14 16:40:46,867  INFO  GenericMemRepositoryImpl:CustomerRepositoryImpl stopped.
2019-06-14 16:40:46,867  INFO  GenericMemRepositoryImpl:BorrowRepositoryImpl stopped.
2019-06-14 16:40:53,217  INFO  GenericMemRepositoryImpl:CustomerRepositoryImpl started.
2019-06-14 16:40:53,222  INFO  GenericMemRepositoryImpl:ArticleRepositoryImpl started.
2019-06-14 16:40:53,224  INFO  GenericMemRepositoryImpl:BorrowRepositoryImpl started.
2019-06-14 16:41:08,975  INFO  GenericMemRepositoryImpl:ArticleRepositoryImpl stopped.
2019-06-14 16:41:08,975  INFO  GenericMemRepositoryImpl:CustomerRepositoryImpl stopped.
2019-06-14 16:41:08,976  INFO  GenericMemRepositoryImpl:BorrowRepositoryImpl stopped.
2019-06-14 16:41:48,318  INFO  GenericMemRepositoryImpl:CustomerRepositoryImpl started.
2019-06-14 16:41:48,323  INFO  GenericMemRepositoryImpl:ArticleRepositoryImpl started.
2019-06-14 16:41:48,324  INFO  GenericMemRepositoryImpl:BorrowRepositoryImpl started.
2019-06-14 16:42:02,422  INFO  GenericMemRepositoryImpl:==> updated(C.XANQTD)
2019-06-14 17:05:46,844  INFO  GenericMemRepositoryImpl:==> updated(C.XWVL6P)
2019-06-14 17:05:52,655  INFO  GenericMemRepositoryImpl:==> deleted(C.XWVL6P)
